<?xml version="1.0" encoding="UTF-8"?>
<coverage generated="1766565270425" clover="3.2.0">
  <project timestamp="1766565270425" name="All files">
    <metrics statements="21" coveredstatements="18" conditionals="10" coveredconditionals="9" methods="3" coveredmethods="3" elements="34" coveredelements="30" complexity="0" loc="21" ncloc="21" packages="1" files="2" classes="2"/>
    <file name="backgroundSubtraction.ts" path="C:\Users\joven\OneDrive\Documents\XRDAnalyzer\src\utils\backgroundSubtraction.ts">
      <metrics statements="7" coveredstatements="7" conditionals="3" coveredconditionals="3" methods="2" coveredmethods="2"/>
      <line num="13" count="1" type="stmt"/>
      <line num="18" count="2" type="cond" truecount="2" falsecount="0"/>
      <line num="19" count="1" type="stmt"/>
      <line num="29" count="1" type="stmt"/>
      <line num="30" count="1" type="stmt"/>
      <line num="31" count="5" type="stmt"/>
      <line num="33" count="1" type="stmt"/>
    </file>
    <file name="smoothing.ts" path="C:\Users\joven\OneDrive\Documents\XRDAnalyzer\src\utils\smoothing.ts">
      <metrics statements="14" coveredstatements="11" conditionals="7" coveredconditionals="6" methods="1" coveredmethods="1"/>
      <line num="9" count="1" type="stmt"/>
      <line num="13" count="2" type="cond" truecount="2" falsecount="0"/>
      <line num="14" count="1" type="stmt"/>
      <line num="17" count="1" type="cond" truecount="2" falsecount="0"/>
      <line num="19" count="1" type="cond" truecount="1" falsecount="1"/>
      <line num="20" count="0" type="stmt"/>
      <line num="23" count="1" type="stmt"/>
      <line num="26" count="1" type="stmt"/>
      <line num="29" count="1" type="stmt"/>
      <line num="32" count="1" type="stmt"/>
      <line num="33" count="1" type="stmt"/>
      <line num="35" count="1" type="stmt"/>
      <line num="38" count="0" type="stmt"/>
      <line num="39" count="0" type="stmt"/>
    </file>
  </project>
</coverage>
