{"C:\\Users\\joven\\OneDrive\\Documents\\XRDAnalyzer\\src\\utils\\backgroundSubtraction.ts": {"path":"C:\\Users\\joven\\OneDrive\\Documents\\XRDAnalyzer\\src\\utils\\backgroundSubtraction.ts","statementMap":{"0":{"start":{"line":13,"column":34},"end":{"line":37,"column":null}},"1":{"start":{"line":18,"column":2},"end":{"line":23,"column":null}},"2":{"start":{"line":19,"column":4},"end":{"line":22,"column":null}},"3":{"start":{"line":29,"column":15},"end":{"line":29,"column":null}},"4":{"start":{"line":30,"column":21},"end":{"line":30,"column":null}},"5":{"start":{"line":31,"column":20},"end":{"line":31,"column":null}},"6":{"start":{"line":31,"column":33},"end":{"line":31,"column":43}},"7":{"start":{"line":33,"column":2},"end":{"line":36,"column":null}}},"fnMap":{"0":{"name":"(anonymous_0)","decl":{"start":{"line":13,"column":34},"end":{"line":13,"column":null}},"loc":{"start":{"line":17,"column":34},"end":{"line":37,"column":null}},"line":17},"1":{"name":"(anonymous_1)","decl":{"start":{"line":31,"column":26},"end":{"line":31,"column":33}},"loc":{"start":{"line":31,"column":33},"end":{"line":31,"column":43}},"line":31}},"branchMap":{"0":{"loc":{"start":{"line":16,"column":2},"end":{"line":16,"column":null}},"type":"default-arg","locations":[{"start":{"line":16,"column":31},"end":{"line":16,"column":null}}],"line":16},"1":{"loc":{"start":{"line":18,"column":2},"end":{"line":23,"column":null}},"type":"if","locations":[{"start":{"line":18,"column":2},"end":{"line":23,"column":null}},{"start":{},"end":{}}],"line":18}},"s":{"0":2,"1":2,"2":1,"3":1,"4":1,"5":1,"6":5,"7":1},"f":{"0":2,"1":5},"b":{"0":[2],"1":[1,1]},"meta":{"lastBranch":2,"lastFunction":2,"lastStatement":8,"seen":{"s:13:34:37:Infinity":0,"f:13:34:13:Infinity":0,"b:16:31:16:Infinity":0,"b:18:2:23:Infinity:undefined:undefined:undefined:undefined":1,"s:18:2:23:Infinity":1,"s:19:4:22:Infinity":2,"s:29:15:29:Infinity":3,"s:30:21:30:Infinity":4,"s:31:20:31:Infinity":5,"f:31:26:31:33":1,"s:31:33:31:43":6,"s:33:2:36:Infinity":7}}}
,"C:\\Users\\joven\\OneDrive\\Documents\\XRDAnalyzer\\src\\utils\\dataProcessing.ts": {"path":"C:\\Users\\joven\\OneDrive\\Documents\\XRDAnalyzer\\src\\utils\\dataProcessing.ts","statementMap":{"0":{"start":{"line":6,"column":24},"end":{"line":39,"column":null}},"1":{"start":{"line":7,"column":16},"end":{"line":7,"column":null}},"2":{"start":{"line":9,"column":26},"end":{"line":9,"column":null}},"3":{"start":{"line":10,"column":2},"end":{"line":32,"column":null}},"4":{"start":{"line":11,"column":24},"end":{"line":11,"column":null}},"5":{"start":{"line":13,"column":4},"end":{"line":15,"column":null}},"6":{"start":{"line":14,"column":6},"end":{"line":14,"column":null}},"7":{"start":{"line":18,"column":18},"end":{"line":18,"column":null}},"8":{"start":{"line":19,"column":4},"end":{"line":31,"column":null}},"9":{"start":{"line":20,"column":20},"end":{"line":20,"column":null}},"10":{"start":{"line":21,"column":24},"end":{"line":21,"column":null}},"11":{"start":{"line":24,"column":6},"end":{"line":28,"column":null}},"12":{"start":{"line":25,"column":8},"end":{"line":25,"column":null}},"13":{"start":{"line":27,"column":8},"end":{"line":27,"column":null}},"14":{"start":{"line":30,"column":6},"end":{"line":30,"column":null}},"15":{"start":{"line":34,"column":2},"end":{"line":36,"column":null}},"16":{"start":{"line":35,"column":4},"end":{"line":35,"column":null}},"17":{"start":{"line":38,"column":2},"end":{"line":38,"column":null}},"18":{"start":{"line":41,"column":26},"end":{"line":53,"column":null}},"19":{"start":{"line":42,"column":22},"end":{"line":42,"column":null}},"20":{"start":{"line":42,"column":36},"end":{"line":42,"column":47}},"21":{"start":{"line":43,"column":8},"end":{"line":47,"column":null}},"22":{"start":{"line":49,"column":2},"end":{"line":52,"column":null}},"23":{"start":{"line":49,"column":33},"end":{"line":52,"column":4}},"24":{"start":{"line":55,"column":34},"end":{"line":84,"column":null}},"25":{"start":{"line":56,"column":2},"end":{"line":61,"column":null}},"26":{"start":{"line":57,"column":4},"end":{"line":60,"column":null}},"27":{"start":{"line":57,"column":30},"end":{"line":60,"column":6}},"28":{"start":{"line":65,"column":2},"end":{"line":74,"column":null}},"29":{"start":{"line":66,"column":24},"end":{"line":66,"column":null}},"30":{"start":{"line":66,"column":38},"end":{"line":66,"column":63}},"31":{"start":{"line":67,"column":19},"end":{"line":67,"column":null}},"32":{"start":{"line":67,"column":33},"end":{"line":67,"column":40}},"33":{"start":{"line":68,"column":10},"end":{"line":68,"column":null}},"34":{"start":{"line":70,"column":4},"end":{"line":73,"column":null}},"35":{"start":{"line":70,"column":35},"end":{"line":73,"column":6}},"36":{"start":{"line":76,"column":2},"end":{"line":83,"column":null}},"37":{"start":{"line":78,"column":6},"end":{"line":78,"column":null}},"38":{"start":{"line":80,"column":6},"end":{"line":80,"column":null}},"39":{"start":{"line":82,"column":6},"end":{"line":82,"column":null}},"40":{"start":{"line":86,"column":34},"end":{"line":98,"column":null}},"41":{"start":{"line":87,"column":2},"end":{"line":97,"column":null}},"42":{"start":{"line":88,"column":18},"end":{"line":88,"column":null}},"43":{"start":{"line":89,"column":16},"end":{"line":89,"column":null}},"44":{"start":{"line":90,"column":19},"end":{"line":90,"column":null}},"45":{"start":{"line":91,"column":23},"end":{"line":91,"column":null}},"46":{"start":{"line":91,"column":51},"end":{"line":91,"column":76}},"47":{"start":{"line":93,"column":4},"end":{"line":96,"column":null}},"48":{"start":{"line":100,"column":33},"end":{"line":112,"column":null}},"49":{"start":{"line":102,"column":12},"end":{"line":102,"column":null}},"50":{"start":{"line":102,"column":31},"end":{"line":102,"column":32}},"51":{"start":{"line":105,"column":24},"end":{"line":105,"column":null}},"52":{"start":{"line":106,"column":17},"end":{"line":106,"column":null}},"53":{"start":{"line":108,"column":2},"end":{"line":111,"column":null}},"54":{"start":{"line":108,"column":33},"end":{"line":111,"column":4}},"55":{"start":{"line":114,"column":38},"end":{"line":129,"column":null}},"56":{"start":{"line":119,"column":19},"end":{"line":119,"column":null}},"57":{"start":{"line":119,"column":33},"end":{"line":119,"column":58}},"58":{"start":{"line":121,"column":2},"end":{"line":123,"column":null}},"59":{"start":{"line":121,"column":15},"end":{"line":121,"column":18}},"60":{"start":{"line":122,"column":4},"end":{"line":122,"column":null}},"61":{"start":{"line":125,"column":2},"end":{"line":128,"column":null}},"62":{"start":{"line":125,"column":33},"end":{"line":128,"column":4}},"63":{"start":{"line":131,"column":25},"end":{"line":133,"column":null}},"64":{"start":{"line":132,"column":2},"end":{"line":132,"column":null}},"65":{"start":{"line":138,"column":24},"end":{"line":143,"column":null}},"66":{"start":{"line":140,"column":17},"end":{"line":140,"column":null}},"67":{"start":{"line":142,"column":2},"end":{"line":142,"column":null}},"68":{"start":{"line":145,"column":33},"end":{"line":148,"column":null}},"69":{"start":{"line":147,"column":2},"end":{"line":147,"column":null}},"70":{"start":{"line":150,"column":29},"end":{"line":153,"column":null}},"71":{"start":{"line":152,"column":2},"end":{"line":152,"column":null}}},"fnMap":{"0":{"name":"(anonymous_0)","decl":{"start":{"line":6,"column":24},"end":{"line":6,"column":25}},"loc":{"start":{"line":6,"column":53},"end":{"line":39,"column":null}},"line":6},"1":{"name":"(anonymous_1)","decl":{"start":{"line":10,"column":16},"end":{"line":10,"column":17}},"loc":{"start":{"line":10,"column":33},"end":{"line":32,"column":3}},"line":10},"2":{"name":"(anonymous_2)","decl":{"start":{"line":41,"column":26},"end":{"line":41,"column":27}},"loc":{"start":{"line":41,"column":96},"end":{"line":53,"column":null}},"line":41},"3":{"name":"(anonymous_3)","decl":{"start":{"line":42,"column":31},"end":{"line":42,"column":36}},"loc":{"start":{"line":42,"column":36},"end":{"line":42,"column":47}},"line":42},"4":{"name":"(anonymous_4)","decl":{"start":{"line":49,"column":18},"end":{"line":49,"column":19}},"loc":{"start":{"line":49,"column":33},"end":{"line":52,"column":4}},"line":49},"5":{"name":"(anonymous_5)","decl":{"start":{"line":55,"column":34},"end":{"line":55,"column":35}},"loc":{"start":{"line":55,"column":104},"end":{"line":84,"column":null}},"line":55},"6":{"name":"(anonymous_6)","decl":{"start":{"line":57,"column":20},"end":{"line":57,"column":30}},"loc":{"start":{"line":57,"column":30},"end":{"line":60,"column":6}},"line":57},"7":{"name":"(anonymous_7)","decl":{"start":{"line":66,"column":33},"end":{"line":66,"column":38}},"loc":{"start":{"line":66,"column":38},"end":{"line":66,"column":63}},"line":66},"8":{"name":"(anonymous_8)","decl":{"start":{"line":67,"column":28},"end":{"line":67,"column":33}},"loc":{"start":{"line":67,"column":33},"end":{"line":67,"column":40}},"line":67},"9":{"name":"(anonymous_9)","decl":{"start":{"line":70,"column":20},"end":{"line":70,"column":21}},"loc":{"start":{"line":70,"column":35},"end":{"line":73,"column":6}},"line":70},"10":{"name":"(anonymous_10)","decl":{"start":{"line":86,"column":34},"end":{"line":86,"column":35}},"loc":{"start":{"line":86,"column":98},"end":{"line":98,"column":null}},"line":86},"11":{"name":"(anonymous_11)","decl":{"start":{"line":87,"column":18},"end":{"line":87,"column":19}},"loc":{"start":{"line":87,"column":36},"end":{"line":97,"column":3}},"line":87},"12":{"name":"(anonymous_12)","decl":{"start":{"line":91,"column":46},"end":{"line":91,"column":51}},"loc":{"start":{"line":91,"column":51},"end":{"line":91,"column":76}},"line":91},"13":{"name":"(anonymous_13)","decl":{"start":{"line":100,"column":33},"end":{"line":100,"column":34}},"loc":{"start":{"line":100,"column":98},"end":{"line":112,"column":null}},"line":100},"14":{"name":"(anonymous_14)","decl":{"start":{"line":102,"column":21},"end":{"line":102,"column":22}},"loc":{"start":{"line":102,"column":31},"end":{"line":102,"column":32}},"line":102},"15":{"name":"(anonymous_15)","decl":{"start":{"line":108,"column":18},"end":{"line":108,"column":19}},"loc":{"start":{"line":108,"column":33},"end":{"line":111,"column":4}},"line":108},"16":{"name":"(anonymous_16)","decl":{"start":{"line":114,"column":38},"end":{"line":114,"column":null}},"loc":{"start":{"line":118,"column":22},"end":{"line":129,"column":null}},"line":118},"17":{"name":"(anonymous_17)","decl":{"start":{"line":119,"column":28},"end":{"line":119,"column":33}},"loc":{"start":{"line":119,"column":33},"end":{"line":119,"column":58}},"line":119},"18":{"name":"(anonymous_18)","decl":{"start":{"line":125,"column":18},"end":{"line":125,"column":19}},"loc":{"start":{"line":125,"column":33},"end":{"line":128,"column":4}},"line":125},"19":{"name":"(anonymous_19)","decl":{"start":{"line":131,"column":25},"end":{"line":131,"column":26}},"loc":{"start":{"line":131,"column":86},"end":{"line":133,"column":null}},"line":131},"20":{"name":"(anonymous_20)","decl":{"start":{"line":138,"column":24},"end":{"line":138,"column":30}},"loc":{"start":{"line":138,"column":30},"end":{"line":143,"column":null}},"line":138},"21":{"name":"(anonymous_21)","decl":{"start":{"line":145,"column":33},"end":{"line":145,"column":34}},"loc":{"start":{"line":145,"column":79},"end":{"line":148,"column":null}},"line":145},"22":{"name":"(anonymous_22)","decl":{"start":{"line":150,"column":29},"end":{"line":150,"column":30}},"loc":{"start":{"line":150,"column":49},"end":{"line":153,"column":null}},"line":150}},"branchMap":{"0":{"loc":{"start":{"line":13,"column":4},"end":{"line":15,"column":null}},"type":"if","locations":[{"start":{"line":13,"column":4},"end":{"line":15,"column":null}},{"start":{},"end":{}}],"line":13},"1":{"loc":{"start":{"line":13,"column":8},"end":{"line":13,"column":53}},"type":"binary-expr","locations":[{"start":{"line":13,"column":8},"end":{"line":13,"column":24}},{"start":{"line":13,"column":24},"end":{"line":13,"column":53}}],"line":13},"2":{"loc":{"start":{"line":19,"column":4},"end":{"line":31,"column":null}},"type":"if","locations":[{"start":{"line":19,"column":4},"end":{"line":31,"column":null}},{"start":{"line":29,"column":11},"end":{"line":31,"column":null}}],"line":19},"3":{"loc":{"start":{"line":24,"column":6},"end":{"line":28,"column":null}},"type":"if","locations":[{"start":{"line":24,"column":6},"end":{"line":28,"column":null}},{"start":{"line":26,"column":13},"end":{"line":28,"column":null}}],"line":24},"4":{"loc":{"start":{"line":24,"column":10},"end":{"line":24,"column":46}},"type":"binary-expr","locations":[{"start":{"line":24,"column":10},"end":{"line":24,"column":27}},{"start":{"line":24,"column":27},"end":{"line":24,"column":46}}],"line":24},"5":{"loc":{"start":{"line":34,"column":2},"end":{"line":36,"column":null}},"type":"if","locations":[{"start":{"line":34,"column":2},"end":{"line":36,"column":null}},{"start":{},"end":{}}],"line":34},"6":{"loc":{"start":{"line":56,"column":2},"end":{"line":61,"column":null}},"type":"if","locations":[{"start":{"line":56,"column":2},"end":{"line":61,"column":null}},{"start":{},"end":{}}],"line":56},"7":{"loc":{"start":{"line":59,"column":28},"end":{"line":59,"column":null}},"type":"binary-expr","locations":[{"start":{"line":59,"column":28},"end":{"line":59,"column":46}},{"start":{"line":59,"column":46},"end":{"line":59,"column":null}}],"line":59},"8":{"loc":{"start":{"line":65,"column":2},"end":{"line":74,"column":null}},"type":"if","locations":[{"start":{"line":65,"column":2},"end":{"line":74,"column":null}},{"start":{},"end":{}}],"line":65},"9":{"loc":{"start":{"line":65,"column":6},"end":{"line":65,"column":75}},"type":"binary-expr","locations":[{"start":{"line":65,"column":6},"end":{"line":65,"column":48}},{"start":{"line":65,"column":48},"end":{"line":65,"column":75}}],"line":65},"10":{"loc":{"start":{"line":66,"column":38},"end":{"line":66,"column":63}},"type":"binary-expr","locations":[{"start":{"line":66,"column":38},"end":{"line":66,"column":52}},{"start":{"line":66,"column":52},"end":{"line":66,"column":63}}],"line":66},"11":{"loc":{"start":{"line":76,"column":2},"end":{"line":83,"column":null}},"type":"switch","locations":[{"start":{"line":77,"column":4},"end":{"line":78,"column":null}},{"start":{"line":79,"column":4},"end":{"line":80,"column":null}},{"start":{"line":81,"column":4},"end":{"line":82,"column":null}}],"line":76},"12":{"loc":{"start":{"line":80,"column":79},"end":{"line":80,"column":112}},"type":"binary-expr","locations":[{"start":{"line":80,"column":79},"end":{"line":80,"column":111}},{"start":{"line":80,"column":111},"end":{"line":80,"column":112}}],"line":80},"13":{"loc":{"start":{"line":91,"column":51},"end":{"line":91,"column":76}},"type":"binary-expr","locations":[{"start":{"line":91,"column":51},"end":{"line":91,"column":65}},{"start":{"line":91,"column":65},"end":{"line":91,"column":76}}],"line":91},"14":{"loc":{"start":{"line":95,"column":29},"end":{"line":95,"column":66}},"type":"binary-expr","locations":[{"start":{"line":95,"column":29},"end":{"line":95,"column":47}},{"start":{"line":95,"column":47},"end":{"line":95,"column":66}}],"line":95},"15":{"loc":{"start":{"line":110,"column":27},"end":{"line":110,"column":64}},"type":"binary-expr","locations":[{"start":{"line":110,"column":27},"end":{"line":110,"column":45}},{"start":{"line":110,"column":45},"end":{"line":110,"column":64}}],"line":110},"16":{"loc":{"start":{"line":119,"column":33},"end":{"line":119,"column":58}},"type":"binary-expr","locations":[{"start":{"line":119,"column":33},"end":{"line":119,"column":47}},{"start":{"line":119,"column":47},"end":{"line":119,"column":58}}],"line":119},"17":{"loc":{"start":{"line":127,"column":27},"end":{"line":127,"column":64}},"type":"binary-expr","locations":[{"start":{"line":127,"column":27},"end":{"line":127,"column":45}},{"start":{"line":127,"column":45},"end":{"line":127,"column":64}}],"line":127}},"s":{"0":1,"1":0,"2":0,"3":0,"4":0,"5":0,"6":0,"7":0,"8":0,"9":0,"10":0,"11":0,"12":0,"13":0,"14":0,"15":0,"16":0,"17":0,"18":1,"19":0,"20":0,"21":0,"22":0,"23":0,"24":1,"25":0,"26":0,"27":0,"28":0,"29":0,"30":0,"31":0,"32":0,"33":0,"34":0,"35":0,"36":0,"37":0,"38":0,"39":0,"40":1,"41":0,"42":0,"43":0,"44":0,"45":0,"46":0,"47":0,"48":1,"49":0,"50":0,"51":0,"52":0,"53":0,"54":0,"55":1,"56":0,"57":0,"58":0,"59":0,"60":0,"61":0,"62":0,"63":1,"64":3,"65":1,"66":0,"67":0,"68":1,"69":0,"70":1,"71":0},"f":{"0":0,"1":0,"2":0,"3":0,"4":0,"5":0,"6":0,"7":0,"8":0,"9":0,"10":0,"11":0,"12":0,"13":0,"14":0,"15":0,"16":0,"17":0,"18":0,"19":3,"20":0,"21":0,"22":0},"b":{"0":[0,0],"1":[0,0],"2":[0,0],"3":[0,0],"4":[0,0],"5":[0,0],"6":[0,0],"7":[0,0],"8":[0,0],"9":[0,0],"10":[0,0],"11":[0,0,0],"12":[0,0],"13":[0,0],"14":[0,0],"15":[0,0],"16":[0,0],"17":[0,0]},"meta":{"lastBranch":18,"lastFunction":23,"lastStatement":72,"seen":{"s:6:24:39:Infinity":0,"f:6:24:6:25":0,"s:7:16:7:Infinity":1,"s:9:26:9:Infinity":2,"s:10:2:32:Infinity":3,"f:10:16:10:17":1,"s:11:24:11:Infinity":4,"b:13:4:15:Infinity:undefined:undefined:undefined:undefined":0,"s:13:4:15:Infinity":5,"b:13:8:13:24:13:24:13:53":1,"s:14:6:14:Infinity":6,"s:18:18:18:Infinity":7,"b:19:4:31:Infinity:29:11:31:Infinity":2,"s:19:4:31:Infinity":8,"s:20:20:20:Infinity":9,"s:21:24:21:Infinity":10,"b:24:6:28:Infinity:26:13:28:Infinity":3,"s:24:6:28:Infinity":11,"b:24:10:24:27:24:27:24:46":4,"s:25:8:25:Infinity":12,"s:27:8:27:Infinity":13,"s:30:6:30:Infinity":14,"b:34:2:36:Infinity:undefined:undefined:undefined:undefined":5,"s:34:2:36:Infinity":15,"s:35:4:35:Infinity":16,"s:38:2:38:Infinity":17,"s:41:26:53:Infinity":18,"f:41:26:41:27":2,"s:42:22:42:Infinity":19,"f:42:31:42:36":3,"s:42:36:42:47":20,"s:43:8:47:Infinity":21,"s:49:2:52:Infinity":22,"f:49:18:49:19":4,"s:49:33:52:4":23,"s:55:34:84:Infinity":24,"f:55:34:55:35":5,"b:56:2:61:Infinity:undefined:undefined:undefined:undefined":6,"s:56:2:61:Infinity":25,"s:57:4:60:Infinity":26,"f:57:20:57:30":6,"s:57:30:60:6":27,"b:59:28:59:46:59:46:59:Infinity":7,"b:65:2:74:Infinity:undefined:undefined:undefined:undefined":8,"s:65:2:74:Infinity":28,"b:65:6:65:48:65:48:65:75":9,"s:66:24:66:Infinity":29,"f:66:33:66:38":7,"s:66:38:66:63":30,"b:66:38:66:52:66:52:66:63":10,"s:67:19:67:Infinity":31,"f:67:28:67:33":8,"s:67:33:67:40":32,"s:68:10:68:Infinity":33,"s:70:4:73:Infinity":34,"f:70:20:70:21":9,"s:70:35:73:6":35,"b:77:4:78:Infinity:79:4:80:Infinity:81:4:82:Infinity":11,"s:76:2:83:Infinity":36,"s:78:6:78:Infinity":37,"s:80:6:80:Infinity":38,"b:80:79:80:111:80:111:80:112":12,"s:82:6:82:Infinity":39,"s:86:34:98:Infinity":40,"f:86:34:86:35":10,"s:87:2:97:Infinity":41,"f:87:18:87:19":11,"s:88:18:88:Infinity":42,"s:89:16:89:Infinity":43,"s:90:19:90:Infinity":44,"s:91:23:91:Infinity":45,"f:91:46:91:51":12,"s:91:51:91:76":46,"b:91:51:91:65:91:65:91:76":13,"s:93:4:96:Infinity":47,"b:95:29:95:47:95:47:95:66":14,"s:100:33:112:Infinity":48,"f:100:33:100:34":13,"s:102:12:102:Infinity":49,"f:102:21:102:22":14,"s:102:31:102:32":50,"s:105:24:105:Infinity":51,"s:106:17:106:Infinity":52,"s:108:2:111:Infinity":53,"f:108:18:108:19":15,"s:108:33:111:4":54,"b:110:27:110:45:110:45:110:64":15,"s:114:38:129:Infinity":55,"f:114:38:114:Infinity":16,"s:119:19:119:Infinity":56,"f:119:28:119:33":17,"s:119:33:119:58":57,"b:119:33:119:47:119:47:119:58":16,"s:121:2:123:Infinity":58,"s:121:15:121:18":59,"s:122:4:122:Infinity":60,"s:125:2:128:Infinity":61,"f:125:18:125:19":18,"s:125:33:128:4":62,"b:127:27:127:45:127:45:127:64":17,"s:131:25:133:Infinity":63,"f:131:25:131:26":19,"s:132:2:132:Infinity":64,"s:138:24:143:Infinity":65,"f:138:24:138:30":20,"s:140:17:140:Infinity":66,"s:142:2:142:Infinity":67,"s:145:33:148:Infinity":68,"f:145:33:145:34":21,"s:147:2:147:Infinity":69,"s:150:29:153:Infinity":70,"f:150:29:150:30":22,"s:152:2:152:Infinity":71}}}
,"C:\\Users\\joven\\OneDrive\\Documents\\XRDAnalyzer\\src\\utils\\peakDetection.ts": {"path":"C:\\Users\\joven\\OneDrive\\Documents\\XRDAnalyzer\\src\\utils\\peakDetection.ts","statementMap":{"0":{"start":{"line":3,"column":25},"end":{"line":83,"column":null}},"1":{"start":{"line":5,"column":59},"end":{"line":5,"column":null}},"2":{"start":{"line":6,"column":23},"end":{"line":6,"column":null}},"3":{"start":{"line":6,"column":49},"end":{"line":6,"column":76}},"4":{"start":{"line":8,"column":2},"end":{"line":32,"column":null}},"5":{"start":{"line":8,"column":15},"end":{"line":8,"column":18}},"6":{"start":{"line":9,"column":17},"end":{"line":9,"column":null}},"7":{"start":{"line":10,"column":17},"end":{"line":10,"column":null}},"8":{"start":{"line":11,"column":17},"end":{"line":11,"column":null}},"9":{"start":{"line":13,"column":17},"end":{"line":13,"column":null}},"10":{"start":{"line":16,"column":4},"end":{"line":25,"column":null}},"11":{"start":{"line":18,"column":6},"end":{"line":22,"column":null}},"12":{"start":{"line":19,"column":8},"end":{"line":19,"column":null}},"13":{"start":{"line":21,"column":8},"end":{"line":21,"column":null}},"14":{"start":{"line":24,"column":6},"end":{"line":24,"column":null}},"15":{"start":{"line":24,"column":38},"end":{"line":24,"column":null}},"16":{"start":{"line":27,"column":4},"end":{"line":27,"column":null}},"17":{"start":{"line":27,"column":38},"end":{"line":27,"column":null}},"18":{"start":{"line":29,"column":4},"end":{"line":31,"column":null}},"19":{"start":{"line":30,"column":6},"end":{"line":30,"column":null}},"20":{"start":{"line":35,"column":2},"end":{"line":35,"column":null}},"21":{"start":{"line":35,"column":28},"end":{"line":35,"column":53}},"22":{"start":{"line":38,"column":29},"end":{"line":38,"column":null}},"23":{"start":{"line":39,"column":2},"end":{"line":46,"column":null}},"24":{"start":{"line":40,"column":4},"end":{"line":44,"column":null}},"25":{"start":{"line":41,"column":6},"end":{"line":43,"column":null}},"26":{"start":{"line":41,"column":31},"end":{"line":41,"column":105}},"27":{"start":{"line":42,"column":8},"end":{"line":42,"column":null}},"28":{"start":{"line":45,"column":4},"end":{"line":45,"column":null}},"29":{"start":{"line":49,"column":30},"end":{"line":49,"column":null}},"30":{"start":{"line":50,"column":2},"end":{"line":66,"column":null}},"31":{"start":{"line":51,"column":15},"end":{"line":51,"column":20}},"32":{"start":{"line":51,"column":28},"end":{"line":51,"column":null}},"33":{"start":{"line":53,"column":4},"end":{"line":53,"column":null}},"34":{"start":{"line":53,"column":109},"end":{"line":53,"column":null}},"35":{"start":{"line":55,"column":4},"end":{"line":55,"column":null}},"36":{"start":{"line":55,"column":126},"end":{"line":55,"column":null}},"37":{"start":{"line":57,"column":23},"end":{"line":57,"column":null}},"38":{"start":{"line":58,"column":24},"end":{"line":58,"column":null}},"39":{"start":{"line":59,"column":17},"end":{"line":59,"column":null}},"40":{"start":{"line":60,"column":23},"end":{"line":60,"column":null}},"41":{"start":{"line":62,"column":4},"end":{"line":64,"column":null}},"42":{"start":{"line":63,"column":6},"end":{"line":63,"column":null}},"43":{"start":{"line":63,"column":51},"end":{"line":63,"column":null}},"44":{"start":{"line":65,"column":4},"end":{"line":65,"column":null}},"45":{"start":{"line":69,"column":24},"end":{"line":69,"column":null}},"46":{"start":{"line":70,"column":2},"end":{"line":79,"column":null}},"47":{"start":{"line":71,"column":21},"end":{"line":71,"column":null}},"48":{"start":{"line":72,"column":28},"end":{"line":77,"column":null}},"49":{"start":{"line":78,"column":4},"end":{"line":78,"column":null}},"50":{"start":{"line":82,"column":2},"end":{"line":82,"column":null}},"51":{"start":{"line":82,"column":30},"end":{"line":82,"column":47}},"52":{"start":{"line":85,"column":16},"end":{"line":114,"column":null}},"53":{"start":{"line":86,"column":24},"end":{"line":86,"column":null}},"54":{"start":{"line":87,"column":20},"end":{"line":87,"column":null}},"55":{"start":{"line":90,"column":20},"end":{"line":90,"column":null}},"56":{"start":{"line":91,"column":16},"end":{"line":91,"column":null}},"57":{"start":{"line":92,"column":14},"end":{"line":92,"column":null}},"58":{"start":{"line":94,"column":16},"end":{"line":94,"column":null}},"59":{"start":{"line":94,"column":48},"end":{"line":94,"column":55}},"60":{"start":{"line":95,"column":16},"end":{"line":95,"column":null}},"61":{"start":{"line":95,"column":48},"end":{"line":95,"column":75}},"62":{"start":{"line":98,"column":22},"end":{"line":98,"column":null}},"63":{"start":{"line":99,"column":24},"end":{"line":99,"column":null}},"64":{"start":{"line":102,"column":18},"end":{"line":102,"column":null}},"65":{"start":{"line":104,"column":2},"end":{"line":113,"column":null}},"66":{"start":{"line":116,"column":33},"end":{"line":133,"column":null}},"67":{"start":{"line":123,"column":12},"end":{"line":123,"column":null}},"68":{"start":{"line":126,"column":19},"end":{"line":126,"column":null}},"69":{"start":{"line":127,"column":8},"end":{"line":127,"column":null}},"70":{"start":{"line":130,"column":13},"end":{"line":130,"column":null}},"71":{"start":{"line":132,"column":2},"end":{"line":132,"column":null}},"72":{"start":{"line":136,"column":20},"end":{"line":142,"column":null}},"73":{"start":{"line":137,"column":2},"end":{"line":141,"column":null}},"74":{"start":{"line":144,"column":22},"end":{"line":150,"column":null}},"75":{"start":{"line":145,"column":2},"end":{"line":149,"column":null}},"76":{"start":{"line":152,"column":26},"end":{"line":154,"column":null}},"77":{"start":{"line":153,"column":2},"end":{"line":153,"column":null}}},"fnMap":{"0":{"name":"(anonymous_0)","decl":{"start":{"line":3,"column":25},"end":{"line":3,"column":26}},"loc":{"start":{"line":3,"column":86},"end":{"line":83,"column":null}},"line":3},"1":{"name":"(anonymous_1)","decl":{"start":{"line":6,"column":44},"end":{"line":6,"column":49}},"loc":{"start":{"line":6,"column":49},"end":{"line":6,"column":76}},"line":6},"2":{"name":"(anonymous_2)","decl":{"start":{"line":35,"column":18},"end":{"line":35,"column":19}},"loc":{"start":{"line":35,"column":28},"end":{"line":35,"column":53}},"line":35},"3":{"name":"(anonymous_3)","decl":{"start":{"line":41,"column":24},"end":{"line":41,"column":31}},"loc":{"start":{"line":41,"column":31},"end":{"line":41,"column":105}},"line":41},"4":{"name":"(anonymous_4)","decl":{"start":{"line":82,"column":20},"end":{"line":82,"column":21}},"loc":{"start":{"line":82,"column":30},"end":{"line":82,"column":47}},"line":82},"5":{"name":"(anonymous_5)","decl":{"start":{"line":85,"column":16},"end":{"line":85,"column":17}},"loc":{"start":{"line":85,"column":68},"end":{"line":114,"column":null}},"line":85},"6":{"name":"(anonymous_6)","decl":{"start":{"line":94,"column":43},"end":{"line":94,"column":48}},"loc":{"start":{"line":94,"column":48},"end":{"line":94,"column":55}},"line":94},"7":{"name":"(anonymous_7)","decl":{"start":{"line":95,"column":43},"end":{"line":95,"column":48}},"loc":{"start":{"line":95,"column":48},"end":{"line":95,"column":75}},"line":95},"8":{"name":"(anonymous_8)","decl":{"start":{"line":116,"column":33},"end":{"line":116,"column":null}},"loc":{"start":{"line":121,"column":13},"end":{"line":133,"column":null}},"line":121},"9":{"name":"(anonymous_9)","decl":{"start":{"line":136,"column":20},"end":{"line":136,"column":21}},"loc":{"start":{"line":136,"column":87},"end":{"line":142,"column":null}},"line":136},"10":{"name":"(anonymous_10)","decl":{"start":{"line":144,"column":22},"end":{"line":144,"column":23}},"loc":{"start":{"line":144,"column":89},"end":{"line":150,"column":null}},"line":144},"11":{"name":"(anonymous_11)","decl":{"start":{"line":152,"column":26},"end":{"line":152,"column":27}},"loc":{"start":{"line":152,"column":41},"end":{"line":154,"column":null}},"line":152}},"branchMap":{"0":{"loc":{"start":{"line":6,"column":49},"end":{"line":6,"column":76}},"type":"binary-expr","locations":[{"start":{"line":6,"column":49},"end":{"line":6,"column":75}},{"start":{"line":6,"column":75},"end":{"line":6,"column":76}}],"line":6},"1":{"loc":{"start":{"line":9,"column":17},"end":{"line":9,"column":null}},"type":"binary-expr","locations":[{"start":{"line":9,"column":17},"end":{"line":9,"column":49}},{"start":{"line":9,"column":49},"end":{"line":9,"column":null}}],"line":9},"2":{"loc":{"start":{"line":10,"column":17},"end":{"line":10,"column":null}},"type":"binary-expr","locations":[{"start":{"line":10,"column":17},"end":{"line":10,"column":53}},{"start":{"line":10,"column":53},"end":{"line":10,"column":null}}],"line":10},"3":{"loc":{"start":{"line":11,"column":17},"end":{"line":11,"column":null}},"type":"binary-expr","locations":[{"start":{"line":11,"column":17},"end":{"line":11,"column":53}},{"start":{"line":11,"column":53},"end":{"line":11,"column":null}}],"line":11},"4":{"loc":{"start":{"line":16,"column":4},"end":{"line":25,"column":null}},"type":"if","locations":[{"start":{"line":16,"column":4},"end":{"line":25,"column":null}},{"start":{},"end":{}}],"line":16},"5":{"loc":{"start":{"line":18,"column":6},"end":{"line":22,"column":null}},"type":"if","locations":[{"start":{"line":18,"column":6},"end":{"line":22,"column":null}},{"start":{"line":20,"column":13},"end":{"line":22,"column":null}}],"line":18},"6":{"loc":{"start":{"line":24,"column":6},"end":{"line":24,"column":null}},"type":"if","locations":[{"start":{"line":24,"column":6},"end":{"line":24,"column":null}},{"start":{},"end":{}}],"line":24},"7":{"loc":{"start":{"line":27,"column":4},"end":{"line":27,"column":null}},"type":"if","locations":[{"start":{"line":27,"column":4},"end":{"line":27,"column":null}},{"start":{},"end":{}}],"line":27},"8":{"loc":{"start":{"line":27,"column":8},"end":{"line":27,"column":38}},"type":"binary-expr","locations":[{"start":{"line":27,"column":8},"end":{"line":27,"column":24}},{"start":{"line":27,"column":24},"end":{"line":27,"column":38}}],"line":27},"9":{"loc":{"start":{"line":29,"column":4},"end":{"line":31,"column":null}},"type":"if","locations":[{"start":{"line":29,"column":4},"end":{"line":31,"column":null}},{"start":{},"end":{}}],"line":29},"10":{"loc":{"start":{"line":40,"column":4},"end":{"line":44,"column":null}},"type":"if","locations":[{"start":{"line":40,"column":4},"end":{"line":44,"column":null}},{"start":{},"end":{}}],"line":40},"11":{"loc":{"start":{"line":41,"column":6},"end":{"line":43,"column":null}},"type":"if","locations":[{"start":{"line":41,"column":6},"end":{"line":43,"column":null}},{"start":{},"end":{}}],"line":41},"12":{"loc":{"start":{"line":53,"column":11},"end":{"line":53,"column":109}},"type":"binary-expr","locations":[{"start":{"line":53,"column":11},"end":{"line":53,"column":24}},{"start":{"line":53,"column":18},"end":{"line":53,"column":109}}],"line":53},"13":{"loc":{"start":{"line":53,"column":24},"end":{"line":53,"column":66}},"type":"binary-expr","locations":[{"start":{"line":53,"column":24},"end":{"line":53,"column":59}},{"start":{"line":53,"column":59},"end":{"line":53,"column":66}}],"line":53},"14":{"loc":{"start":{"line":53,"column":66},"end":{"line":53,"column":109}},"type":"binary-expr","locations":[{"start":{"line":53,"column":66},"end":{"line":53,"column":105}},{"start":{"line":53,"column":105},"end":{"line":53,"column":109}}],"line":53},"15":{"loc":{"start":{"line":55,"column":11},"end":{"line":55,"column":126}},"type":"binary-expr","locations":[{"start":{"line":55,"column":11},"end":{"line":55,"column":39}},{"start":{"line":55,"column":33},"end":{"line":55,"column":126}}],"line":55},"16":{"loc":{"start":{"line":55,"column":39},"end":{"line":55,"column":82}},"type":"binary-expr","locations":[{"start":{"line":55,"column":39},"end":{"line":55,"column":75}},{"start":{"line":55,"column":75},"end":{"line":55,"column":82}}],"line":55},"17":{"loc":{"start":{"line":55,"column":82},"end":{"line":55,"column":126}},"type":"binary-expr","locations":[{"start":{"line":55,"column":82},"end":{"line":55,"column":122}},{"start":{"line":55,"column":122},"end":{"line":55,"column":126}}],"line":55},"18":{"loc":{"start":{"line":57,"column":23},"end":{"line":57,"column":null}},"type":"binary-expr","locations":[{"start":{"line":57,"column":23},"end":{"line":57,"column":58}},{"start":{"line":57,"column":58},"end":{"line":57,"column":null}}],"line":57},"19":{"loc":{"start":{"line":58,"column":24},"end":{"line":58,"column":null}},"type":"binary-expr","locations":[{"start":{"line":58,"column":24},"end":{"line":58,"column":60}},{"start":{"line":58,"column":60},"end":{"line":58,"column":null}}],"line":58},"20":{"loc":{"start":{"line":59,"column":17},"end":{"line":59,"column":null}},"type":"binary-expr","locations":[{"start":{"line":59,"column":17},"end":{"line":59,"column":51}},{"start":{"line":59,"column":51},"end":{"line":59,"column":null}}],"line":59},"21":{"loc":{"start":{"line":62,"column":4},"end":{"line":64,"column":null}},"type":"if","locations":[{"start":{"line":62,"column":4},"end":{"line":64,"column":null}},{"start":{},"end":{}}],"line":62},"22":{"loc":{"start":{"line":63,"column":6},"end":{"line":63,"column":null}},"type":"if","locations":[{"start":{"line":63,"column":6},"end":{"line":63,"column":null}},{"start":{},"end":{}}],"line":63},"23":{"loc":{"start":{"line":86,"column":24},"end":{"line":86,"column":null}},"type":"binary-expr","locations":[{"start":{"line":86,"column":24},"end":{"line":86,"column":64}},{"start":{"line":86,"column":64},"end":{"line":86,"column":null}}],"line":86},"24":{"loc":{"start":{"line":95,"column":48},"end":{"line":95,"column":75}},"type":"binary-expr","locations":[{"start":{"line":95,"column":48},"end":{"line":95,"column":74}},{"start":{"line":95,"column":74},"end":{"line":95,"column":75}}],"line":95},"25":{"loc":{"start":{"line":102,"column":18},"end":{"line":102,"column":null}},"type":"cond-expr","locations":[{"start":{"line":102,"column":66},"end":{"line":102,"column":80}},{"start":{"line":102,"column":80},"end":{"line":102,"column":null}}],"line":102},"26":{"loc":{"start":{"line":127,"column":13},"end":{"line":127,"column":64}},"type":"cond-expr","locations":[{"start":{"line":127,"column":28},"end":{"line":127,"column":50}},{"start":{"line":127,"column":50},"end":{"line":127,"column":64}}],"line":127}},"s":{"0":1,"1":3,"2":3,"3":15,"4":3,"5":3,"6":9,"7":9,"8":9,"9":9,"10":9,"11":9,"12":0,"13":9,"14":9,"15":5,"16":9,"17":6,"18":9,"19":3,"20":3,"21":0,"22":3,"23":3,"24":3,"25":3,"26":0,"27":0,"28":3,"29":3,"30":3,"31":3,"32":3,"33":3,"34":4,"35":3,"36":6,"37":3,"38":3,"39":3,"40":3,"41":3,"42":3,"43":0,"44":3,"45":3,"46":3,"47":3,"48":3,"49":3,"50":3,"51":0,"52":1,"53":3,"54":3,"55":3,"56":3,"57":3,"58":3,"59":15,"60":3,"61":15,"62":3,"63":3,"64":3,"65":3,"66":1,"67":3,"68":3,"69":3,"70":3,"71":3,"72":1,"73":3,"74":1,"75":3,"76":1,"77":3},"f":{"0":3,"1":15,"2":0,"3":0,"4":0,"5":3,"6":15,"7":15,"8":3,"9":3,"10":3,"11":3},"b":{"0":[15,0],"1":[9,0],"2":[9,0],"3":[9,0],"4":[9,0],"5":[0,9],"6":[5,4],"7":[6,3],"8":[9,4],"9":[3,6],"10":[3,0],"11":[0,3],"12":[3,4],"13":[4,0],"14":[4,0],"15":[3,7],"16":[7,0],"17":[7,0],"18":[3,0],"19":[3,0],"20":[3,0],"21":[3,0],"22":[0,3],"23":[3,0],"24":[15,0],"25":[3,0],"26":[0,3]},"meta":{"lastBranch":27,"lastFunction":12,"lastStatement":78,"seen":{"s:3:25:83:Infinity":0,"f:3:25:3:26":0,"s:5:59:5:Infinity":1,"s:6:23:6:Infinity":2,"f:6:44:6:49":1,"s:6:49:6:76":3,"b:6:49:6:75:6:75:6:76":0,"s:8:2:32:Infinity":4,"s:8:15:8:18":5,"s:9:17:9:Infinity":6,"b:9:17:9:49:9:49:9:Infinity":1,"s:10:17:10:Infinity":7,"b:10:17:10:53:10:53:10:Infinity":2,"s:11:17:11:Infinity":8,"b:11:17:11:53:11:53:11:Infinity":3,"s:13:17:13:Infinity":9,"b:16:4:25:Infinity:undefined:undefined:undefined:undefined":4,"s:16:4:25:Infinity":10,"b:18:6:22:Infinity:20:13:22:Infinity":5,"s:18:6:22:Infinity":11,"s:19:8:19:Infinity":12,"s:21:8:21:Infinity":13,"b:24:6:24:Infinity:undefined:undefined:undefined:undefined":6,"s:24:6:24:Infinity":14,"s:24:38:24:Infinity":15,"b:27:4:27:Infinity:undefined:undefined:undefined:undefined":7,"s:27:4:27:Infinity":16,"b:27:8:27:24:27:24:27:38":8,"s:27:38:27:Infinity":17,"b:29:4:31:Infinity:undefined:undefined:undefined:undefined":9,"s:29:4:31:Infinity":18,"s:30:6:30:Infinity":19,"s:35:2:35:Infinity":20,"f:35:18:35:19":2,"s:35:28:35:53":21,"s:38:29:38:Infinity":22,"s:39:2:46:Infinity":23,"b:40:4:44:Infinity:undefined:undefined:undefined:undefined":10,"s:40:4:44:Infinity":24,"b:41:6:43:Infinity:undefined:undefined:undefined:undefined":11,"s:41:6:43:Infinity":25,"f:41:24:41:31":3,"s:41:31:41:105":26,"s:42:8:42:Infinity":27,"s:45:4:45:Infinity":28,"s:49:30:49:Infinity":29,"s:50:2:66:Infinity":30,"s:51:15:51:20":31,"s:51:28:51:Infinity":32,"s:53:4:53:Infinity":33,"b:53:11:53:24:53:18:53:109":12,"b:53:24:53:59:53:59:53:66":13,"b:53:66:53:105:53:105:53:109":14,"s:53:109:53:Infinity":34,"s:55:4:55:Infinity":35,"b:55:11:55:39:55:33:55:126":15,"b:55:39:55:75:55:75:55:82":16,"b:55:82:55:122:55:122:55:126":17,"s:55:126:55:Infinity":36,"s:57:23:57:Infinity":37,"b:57:23:57:58:57:58:57:Infinity":18,"s:58:24:58:Infinity":38,"b:58:24:58:60:58:60:58:Infinity":19,"s:59:17:59:Infinity":39,"b:59:17:59:51:59:51:59:Infinity":20,"s:60:23:60:Infinity":40,"b:62:4:64:Infinity:undefined:undefined:undefined:undefined":21,"s:62:4:64:Infinity":41,"b:63:6:63:Infinity:undefined:undefined:undefined:undefined":22,"s:63:6:63:Infinity":42,"s:63:51:63:Infinity":43,"s:65:4:65:Infinity":44,"s:69:24:69:Infinity":45,"s:70:2:79:Infinity":46,"s:71:21:71:Infinity":47,"s:72:28:77:Infinity":48,"s:78:4:78:Infinity":49,"s:82:2:82:Infinity":50,"f:82:20:82:21":4,"s:82:30:82:47":51,"s:85:16:114:Infinity":52,"f:85:16:85:17":5,"s:86:24:86:Infinity":53,"b:86:24:86:64:86:64:86:Infinity":23,"s:87:20:87:Infinity":54,"s:90:20:90:Infinity":55,"s:91:16:91:Infinity":56,"s:92:14:92:Infinity":57,"s:94:16:94:Infinity":58,"f:94:43:94:48":6,"s:94:48:94:55":59,"s:95:16:95:Infinity":60,"f:95:43:95:48":7,"s:95:48:95:75":61,"b:95:48:95:74:95:74:95:75":24,"s:98:22:98:Infinity":62,"s:99:24:99:Infinity":63,"s:102:18:102:Infinity":64,"b:102:66:102:80:102:80:102:Infinity":25,"s:104:2:113:Infinity":65,"s:116:33:133:Infinity":66,"f:116:33:116:Infinity":8,"s:123:12:123:Infinity":67,"s:126:19:126:Infinity":68,"s:127:8:127:Infinity":69,"b:127:28:127:50:127:50:127:64":26,"s:130:13:130:Infinity":70,"s:132:2:132:Infinity":71,"s:136:20:142:Infinity":72,"f:136:20:136:21":9,"s:137:2:141:Infinity":73,"s:144:22:150:Infinity":74,"f:144:22:144:23":10,"s:145:2:149:Infinity":75,"s:152:26:154:Infinity":76,"f:152:26:152:27":11,"s:153:2:153:Infinity":77}}}
,"C:\\Users\\joven\\OneDrive\\Documents\\XRDAnalyzer\\src\\utils\\smoothing.ts": {"path":"C:\\Users\\joven\\OneDrive\\Documents\\XRDAnalyzer\\src\\utils\\smoothing.ts","statementMap":{"0":{"start":{"line":9,"column":28},"end":{"line":41,"column":null}},"1":{"start":{"line":13,"column":2},"end":{"line":15,"column":null}},"2":{"start":{"line":14,"column":4},"end":{"line":14,"column":null}},"3":{"start":{"line":17,"column":45},"end":{"line":17,"column":null}},"4":{"start":{"line":19,"column":2},"end":{"line":21,"column":null}},"5":{"start":{"line":20,"column":4},"end":{"line":20,"column":null}},"6":{"start":{"line":23,"column":2},"end":{"line":40,"column":null}},"7":{"start":{"line":26,"column":10},"end":{"line":26,"column":null}},"8":{"start":{"line":29,"column":19},"end":{"line":29,"column":null}},"9":{"start":{"line":32,"column":20},"end":{"line":32,"column":null}},"10":{"start":{"line":33,"column":21},"end":{"line":33,"column":null}},"11":{"start":{"line":35,"column":4},"end":{"line":35,"column":null}},"12":{"start":{"line":38,"column":4},"end":{"line":38,"column":null}},"13":{"start":{"line":39,"column":4},"end":{"line":39,"column":null}}},"fnMap":{"0":{"name":"(anonymous_0)","decl":{"start":{"line":9,"column":28},"end":{"line":9,"column":null}},"loc":{"start":{"line":12,"column":15},"end":{"line":41,"column":null}},"line":12}},"branchMap":{"0":{"loc":{"start":{"line":11,"column":2},"end":{"line":11,"column":null}},"type":"default-arg","locations":[{"start":{"line":11,"column":30},"end":{"line":11,"column":null}}],"line":11},"1":{"loc":{"start":{"line":13,"column":2},"end":{"line":15,"column":null}},"type":"if","locations":[{"start":{"line":13,"column":2},"end":{"line":15,"column":null}},{"start":{},"end":{}}],"line":13},"2":{"loc":{"start":{"line":17,"column":10},"end":{"line":17,"column":26}},"type":"default-arg","locations":[{"start":{"line":17,"column":23},"end":{"line":17,"column":26}}],"line":17},"3":{"loc":{"start":{"line":17,"column":26},"end":{"line":17,"column":41}},"type":"default-arg","locations":[{"start":{"line":17,"column":39},"end":{"line":17,"column":41}}],"line":17},"4":{"loc":{"start":{"line":19,"column":2},"end":{"line":21,"column":null}},"type":"if","locations":[{"start":{"line":19,"column":2},"end":{"line":21,"column":null}},{"start":{},"end":{}}],"line":19}},"s":{"0":2,"1":2,"2":1,"3":1,"4":1,"5":0,"6":1,"7":1,"8":1,"9":1,"10":1,"11":1,"12":0,"13":0},"f":{"0":2},"b":{"0":[2],"1":[1,1],"2":[1],"3":[1],"4":[0,1]},"meta":{"lastBranch":5,"lastFunction":1,"lastStatement":14,"seen":{"s:9:28:41:Infinity":0,"f:9:28:9:Infinity":0,"b:11:30:11:Infinity":0,"b:13:2:15:Infinity:undefined:undefined:undefined:undefined":1,"s:13:2:15:Infinity":1,"s:14:4:14:Infinity":2,"s:17:45:17:Infinity":3,"b:17:23:17:26":2,"b:17:39:17:41":3,"b:19:2:21:Infinity:undefined:undefined:undefined:undefined":4,"s:19:2:21:Infinity":4,"s:20:4:20:Infinity":5,"s:23:2:40:Infinity":6,"s:26:10:26:Infinity":7,"s:29:19:29:Infinity":8,"s:32:20:32:Infinity":9,"s:33:21:33:Infinity":10,"s:35:4:35:Infinity":11,"s:38:4:38:Infinity":12,"s:39:4:39:Infinity":13}}}
}
