{"C:\\Users\\joven\\OneDrive\\Documents\\XRDAnalyzer\\src\\utils\\backgroundSubtraction.ts": {"path":"C:\\Users\\joven\\OneDrive\\Documents\\XRDAnalyzer\\src\\utils\\backgroundSubtraction.ts","statementMap":{"0":{"start":{"line":13,"column":34},"end":{"line":37,"column":null}},"1":{"start":{"line":18,"column":2},"end":{"line":23,"column":null}},"2":{"start":{"line":19,"column":4},"end":{"line":22,"column":null}},"3":{"start":{"line":29,"column":15},"end":{"line":29,"column":null}},"4":{"start":{"line":30,"column":21},"end":{"line":30,"column":null}},"5":{"start":{"line":31,"column":20},"end":{"line":31,"column":null}},"6":{"start":{"line":31,"column":33},"end":{"line":31,"column":43}},"7":{"start":{"line":33,"column":2},"end":{"line":36,"column":null}}},"fnMap":{"0":{"name":"(anonymous_0)","decl":{"start":{"line":13,"column":34},"end":{"line":13,"column":null}},"loc":{"start":{"line":17,"column":34},"end":{"line":37,"column":null}},"line":17},"1":{"name":"(anonymous_1)","decl":{"start":{"line":31,"column":26},"end":{"line":31,"column":33}},"loc":{"start":{"line":31,"column":33},"end":{"line":31,"column":43}},"line":31}},"branchMap":{"0":{"loc":{"start":{"line":16,"column":2},"end":{"line":16,"column":null}},"type":"default-arg","locations":[{"start":{"line":16,"column":31},"end":{"line":16,"column":null}}],"line":16},"1":{"loc":{"start":{"line":18,"column":2},"end":{"line":23,"column":null}},"type":"if","locations":[{"start":{"line":18,"column":2},"end":{"line":23,"column":null}},{"start":{},"end":{}}],"line":18}},"s":{"0":1,"1":2,"2":1,"3":1,"4":1,"5":1,"6":5,"7":1},"f":{"0":2,"1":5},"b":{"0":[2],"1":[1,1]},"meta":{"lastBranch":2,"lastFunction":2,"lastStatement":8,"seen":{"s:13:34:37:Infinity":0,"f:13:34:13:Infinity":0,"b:16:31:16:Infinity":0,"b:18:2:23:Infinity:undefined:undefined:undefined:undefined":1,"s:18:2:23:Infinity":1,"s:19:4:22:Infinity":2,"s:29:15:29:Infinity":3,"s:30:21:30:Infinity":4,"s:31:20:31:Infinity":5,"f:31:26:31:33":1,"s:31:33:31:43":6,"s:33:2:36:Infinity":7}}}
,"C:\\Users\\joven\\OneDrive\\Documents\\XRDAnalyzer\\src\\utils\\smoothing.ts": {"path":"C:\\Users\\joven\\OneDrive\\Documents\\XRDAnalyzer\\src\\utils\\smoothing.ts","statementMap":{"0":{"start":{"line":9,"column":28},"end":{"line":41,"column":null}},"1":{"start":{"line":13,"column":2},"end":{"line":15,"column":null}},"2":{"start":{"line":14,"column":4},"end":{"line":14,"column":null}},"3":{"start":{"line":17,"column":45},"end":{"line":17,"column":null}},"4":{"start":{"line":19,"column":2},"end":{"line":21,"column":null}},"5":{"start":{"line":20,"column":4},"end":{"line":20,"column":null}},"6":{"start":{"line":23,"column":2},"end":{"line":40,"column":null}},"7":{"start":{"line":26,"column":10},"end":{"line":26,"column":null}},"8":{"start":{"line":29,"column":19},"end":{"line":29,"column":null}},"9":{"start":{"line":32,"column":20},"end":{"line":32,"column":null}},"10":{"start":{"line":33,"column":21},"end":{"line":33,"column":null}},"11":{"start":{"line":35,"column":4},"end":{"line":35,"column":null}},"12":{"start":{"line":38,"column":4},"end":{"line":38,"column":null}},"13":{"start":{"line":39,"column":4},"end":{"line":39,"column":null}}},"fnMap":{"0":{"name":"(anonymous_0)","decl":{"start":{"line":9,"column":28},"end":{"line":9,"column":null}},"loc":{"start":{"line":12,"column":15},"end":{"line":41,"column":null}},"line":12}},"branchMap":{"0":{"loc":{"start":{"line":11,"column":2},"end":{"line":11,"column":null}},"type":"default-arg","locations":[{"start":{"line":11,"column":30},"end":{"line":11,"column":null}}],"line":11},"1":{"loc":{"start":{"line":13,"column":2},"end":{"line":15,"column":null}},"type":"if","locations":[{"start":{"line":13,"column":2},"end":{"line":15,"column":null}},{"start":{},"end":{}}],"line":13},"2":{"loc":{"start":{"line":17,"column":10},"end":{"line":17,"column":26}},"type":"default-arg","locations":[{"start":{"line":17,"column":23},"end":{"line":17,"column":26}}],"line":17},"3":{"loc":{"start":{"line":17,"column":26},"end":{"line":17,"column":41}},"type":"default-arg","locations":[{"start":{"line":17,"column":39},"end":{"line":17,"column":41}}],"line":17},"4":{"loc":{"start":{"line":19,"column":2},"end":{"line":21,"column":null}},"type":"if","locations":[{"start":{"line":19,"column":2},"end":{"line":21,"column":null}},{"start":{},"end":{}}],"line":19}},"s":{"0":1,"1":2,"2":1,"3":1,"4":1,"5":0,"6":1,"7":1,"8":1,"9":1,"10":1,"11":1,"12":0,"13":0},"f":{"0":2},"b":{"0":[2],"1":[1,1],"2":[1],"3":[1],"4":[0,1]},"meta":{"lastBranch":5,"lastFunction":1,"lastStatement":14,"seen":{"s:9:28:41:Infinity":0,"f:9:28:9:Infinity":0,"b:11:30:11:Infinity":0,"b:13:2:15:Infinity:undefined:undefined:undefined:undefined":1,"s:13:2:15:Infinity":1,"s:14:4:14:Infinity":2,"s:17:45:17:Infinity":3,"b:17:23:17:26":2,"b:17:39:17:41":3,"b:19:2:21:Infinity:undefined:undefined:undefined:undefined":4,"s:19:2:21:Infinity":4,"s:20:4:20:Infinity":5,"s:23:2:40:Infinity":6,"s:26:10:26:Infinity":7,"s:29:19:29:Infinity":8,"s:32:20:32:Infinity":9,"s:33:21:33:Infinity":10,"s:35:4:35:Infinity":11,"s:38:4:38:Infinity":12,"s:39:4:39:Infinity":13}}}
}
